15:37:05,914 (AWT-EventQueue-0) DEBUG [DataNucleus.Persistence] - ExecutionContext "org.datanucleus.ExecutionContextImpl@50f2e3ea" se abrió para la base de datos "org.datanucleus.store.rdbms.RDBMSStoreManager@6952625d" con transaccion="org.datanucleus.TransactionImpl@1f269291"
15:37:05,914 (AWT-EventQueue-0) DEBUG [DataNucleus.Query] - Query de SQL : "SELECT userr.nombre,userr.apellido,userr.correo,re.fechaentrada,re.fechasalida FROM a_reserva re, a_habitacion_reservada hab, A_CUENTA_CARGADA cuu,  a_servicio ser,a_usuario userr where re.idreserva=hab.idreserva and hab.idcuenta=cuu.idcuenta and cuu.idservicio=ser.idservicio and ser.costo >300000 and ser.nombre LIKE'spa%' and userr.id=re.idcliente"
15:37:05,915 (AWT-EventQueue-0) DEBUG [DataNucleus.Connection] - ManagedConnection ABIERTO : "org.datanucleus.store.rdbms.ConnectionFactoryImpl$ManagedConnectionImpl@1ff4c0b9 [conn=org.datanucleus.store.rdbms.datasource.dbcp2.PoolingDataSource$PoolGuardConnectionWrapper@58de9d1e, commitOnRelease=true, closeOnRelease=true, closeOnTxnEnd=true]" en resource "nontx" con isolación "read-committed" y auto-commit=false
15:37:05,915 (AWT-EventQueue-0) DEBUG [DataNucleus.Datastore] - Utilizando PreparedStatement "oracle.jdbc.driver.OraclePreparedStatementWrapper@73472e8e" para la conneccion "org.datanucleus.store.rdbms.datasource.dbcp2.PoolingDataSource$PoolGuardConnectionWrapper@58de9d1e"
15:37:05,915 (AWT-EventQueue-0) DEBUG [DataNucleus.Datastore.Native] - SELECT userr.nombre,userr.apellido,userr.correo,re.fechaentrada,re.fechasalida FROM a_reserva re, a_habitacion_reservada hab, A_CUENTA_CARGADA cuu,  a_servicio ser,a_usuario userr where re.idreserva=hab.idreserva and hab.idcuenta=cuu.idcuenta and cuu.idservicio=ser.idservicio and ser.costo >300000 and ser.nombre LIKE'spa%' and userr.id=re.idcliente
15:37:05,940 (AWT-EventQueue-0) DEBUG [DataNucleus.Datastore.Retrieve] - SQL Tiempo de cumplir = 25 ms
15:37:05,940 (AWT-EventQueue-0) DEBUG [DataNucleus.Connection] - ManagedConnection VA A COMMIT : "org.datanucleus.store.rdbms.ConnectionFactoryImpl$ManagedConnectionImpl@1ff4c0b9 [conn=org.datanucleus.store.rdbms.datasource.dbcp2.PoolingDataSource$PoolGuardConnectionWrapper@58de9d1e, commitOnRelease=true, closeOnRelease=true, closeOnTxnEnd=true]"
15:37:05,964 (AWT-EventQueue-0) DEBUG [DataNucleus.Connection] - ManagedConnection CERRADO : "org.datanucleus.store.rdbms.ConnectionFactoryImpl$ManagedConnectionImpl@1ff4c0b9 [conn=org.datanucleus.store.rdbms.datasource.dbcp2.PoolingDataSource$PoolGuardConnectionWrapper@58de9d1e, commitOnRelease=true, closeOnRelease=true, closeOnTxnEnd=true]" 
15:41:03,331 (main) DEBUG [DataNucleus.General] - Using PluginRegistry org.datanucleus.plugin.NonManagedPluginRegistry
15:41:03,406 (main) DEBUG [DataNucleus.General] - Registering bundle org.datanucleus.api.jdo version 5.1.7 at URL file:/E:/Semestre%205/Sistemas%20Transaccionales/Nueva%20carpeta/A-07/HotelAndes/lib/datanucleus-api-jdo-5.1.7.jar.
15:41:03,465 (main) DEBUG [DataNucleus.General] - Leyendo extension-points y extensiones del archivo de plug-in jar:file:/E:/Semestre%205/Sistemas%20Transaccionales/Nueva%20carpeta/A-07/HotelAndes/lib/datanucleus-api-jdo-5.1.7.jar!/plugin.xml.
15:41:03,491 (main) DEBUG [DataNucleus.General] - Registering bundle org.datanucleus version 5.1.10 at URL file:/E:/Semestre%205/Sistemas%20Transaccionales/Nueva%20carpeta/A-07/HotelAndes/lib/datanucleus-core-5.1.10.jar.
15:41:03,497 (main) DEBUG [DataNucleus.General] - Leyendo extension-points y extensiones del archivo de plug-in jar:file:/E:/Semestre%205/Sistemas%20Transaccionales/Nueva%20carpeta/A-07/HotelAndes/lib/datanucleus-core-5.1.10.jar!/plugin.xml.
15:41:03,550 (main) DEBUG [DataNucleus.General] - Registering bundle org.datanucleus.store.rdbms version 5.1.10 at URL file:/E:/Semestre%205/Sistemas%20Transaccionales/Nueva%20carpeta/A-07/HotelAndes/lib/datanucleus-rdbms-5.1.10.jar.
15:41:03,574 (main) DEBUG [DataNucleus.General] - Leyendo extension-points y extensiones del archivo de plug-in jar:file:/E:/Semestre%205/Sistemas%20Transaccionales/Nueva%20carpeta/A-07/HotelAndes/lib/datanucleus-rdbms-5.1.10.jar!/plugin.xml.
15:41:03,653 (main) DEBUG [DataNucleus.MetaData] - Analizando el MetaData "file:/E:/Semestre%205/Sistemas%20Transaccionales/Nueva%20carpeta/A-07/HotelAndes/target/classes/META-INF/persistence.xml" con handler "persistence" (validar="false")
15:41:03,694 (main) DEBUG [DataNucleus.Persistence] - Tipos de Java inicializando ...
15:41:03,773 (main) DEBUG [DataNucleus.Persistence] - Soporte para tipos de Java listo : tipos soportados = [B, [C, [D, [F, [I, [J, [Ljava.lang.Boolean;, [Ljava.lang.Byte;, [Ljava.lang.Character;, [Ljava.lang.Double;, [Ljava.lang.Enum;, [Ljava.lang.Float;, [Ljava.lang.Integer;, [Ljava.lang.Long;, [Ljava.lang.Number;, [Ljava.lang.Object;, [Ljava.lang.Short;, [Ljava.lang.String;, [Ljava.math.BigDecimal;, [Ljava.math.BigInteger;, [Ljava.util.Date;, [Ljava.util.Locale;, [S, [Z, boolean, byte, char, double, float, int, java.awt.Color, java.awt.image.BufferedImage, java.lang.Boolean, java.lang.Byte, java.lang.Character, java.lang.Class, java.lang.Double, java.lang.Enum, java.lang.Float, java.lang.Integer, java.lang.Long, java.lang.Number, java.lang.Short, java.lang.String, java.lang.StringBuffer, java.lang.StringBuilder, java.math.BigDecimal, java.math.BigInteger, java.net.URI, java.net.URL, java.sql.Date, java.sql.Time, java.sql.Timestamp, java.time.Duration, java.time.Instant, java.time.LocalDate, java.time.LocalDateTime, java.time.LocalTime, java.time.MonthDay, java.time.OffsetDateTime, java.time.OffsetTime, java.time.Period, java.time.Year, java.time.YearMonth, java.time.ZonedDateTime, java.time.ZoneId, java.time.ZoneOffset, java.util.ArrayList, java.util.Arrays$ArrayList, java.util.BitSet, java.util.Calendar, java.util.Collection, java.util.Currency, java.util.Date, java.util.GregorianCalendar, java.util.HashMap, java.util.HashSet, java.util.Hashtable, java.util.LinkedHashMap, java.util.LinkedHashSet, java.util.LinkedList, java.util.List, java.util.Locale, java.util.Map, java.util.Optional, java.util.PriorityQueue, java.util.Properties, java.util.Queue, java.util.Set, java.util.SortedMap, java.util.SortedSet, java.util.Stack, java.util.TimeZone, java.util.TreeMap, java.util.TreeSet, java.util.UUID, java.util.Vector, long, short
15:41:03,773 (main) DEBUG [DataNucleus.Persistence] - Inicializando TypeConverters ...
15:41:03,837 (main) DEBUG [DataNucleus.Persistence] - TypeConverters listo
15:41:03,837 (main) DEBUG [DataNucleus.Persistence] - TypeConverter(s) available for byte[] to : java.nio.ByteBuffer
15:41:03,837 (main) DEBUG [DataNucleus.Persistence] - TypeConverter(s) available for char[] to : java.nio.ByteBuffer
15:41:03,837 (main) DEBUG [DataNucleus.Persistence] - TypeConverter(s) available for double[] to : java.nio.ByteBuffer
15:41:03,837 (main) DEBUG [DataNucleus.Persistence] - TypeConverter(s) available for float[] to : java.nio.ByteBuffer
15:41:03,837 (main) DEBUG [DataNucleus.Persistence] - TypeConverter(s) available for int[] to : java.nio.ByteBuffer
15:41:03,838 (main) DEBUG [DataNucleus.Persistence] - TypeConverter(s) available for long[] to : java.nio.ByteBuffer
15:41:03,838 (main) DEBUG [DataNucleus.Persistence] - TypeConverter(s) available for [Ljava.math.BigDecimal; to : java.nio.ByteBuffer
15:41:03,838 (main) DEBUG [DataNucleus.Persistence] - TypeConverter(s) available for [Ljava.math.BigInteger; to : java.nio.ByteBuffer
15:41:03,838 (main) DEBUG [DataNucleus.Persistence] - TypeConverter(s) available for short[] to : java.nio.ByteBuffer
15:41:03,838 (main) DEBUG [DataNucleus.Persistence] - TypeConverter(s) available for boolean[] to : java.nio.ByteBuffer
15:41:03,838 (main) DEBUG [DataNucleus.Persistence] - TypeConverter(s) available for java.awt.Color to : java.lang.String,int[]
15:41:03,838 (main) DEBUG [DataNucleus.Persistence] - TypeConverter(s) available for java.awt.image.BufferedImage to : byte[],java.nio.ByteBuffer
15:41:03,838 (main) DEBUG [DataNucleus.Persistence] - TypeConverter(s) available for java.io.Serializable to : java.lang.String,byte[],java.nio.ByteBuffer
15:41:03,839 (main) DEBUG [DataNucleus.Persistence] - TypeConverter(s) available for java.lang.Boolean to : java.lang.Integer,java.lang.Character
15:41:03,839 (main) DEBUG [DataNucleus.Persistence] - TypeConverter(s) available for java.lang.Character to : java.lang.String
15:41:03,839 (main) DEBUG [DataNucleus.Persistence] - TypeConverter(s) available for java.lang.Class to : java.lang.String
15:41:03,839 (main) DEBUG [DataNucleus.Persistence] - TypeConverter(s) available for java.lang.Integer to : java.lang.String
15:41:03,839 (main) DEBUG [DataNucleus.Persistence] - TypeConverter(s) available for java.lang.Long to : java.lang.String
15:41:03,839 (main) DEBUG [DataNucleus.Persistence] - TypeConverter(s) available for java.lang.StringBuffer to : java.lang.String
15:41:03,839 (main) DEBUG [DataNucleus.Persistence] - TypeConverter(s) available for java.lang.StringBuilder to : java.lang.String
15:41:03,839 (main) DEBUG [DataNucleus.Persistence] - TypeConverter(s) available for java.math.BigDecimal to : java.lang.String,java.lang.Double
15:41:03,839 (main) DEBUG [DataNucleus.Persistence] - TypeConverter(s) available for java.math.BigInteger to : java.lang.String,java.lang.Long
15:41:03,839 (main) DEBUG [DataNucleus.Persistence] - TypeConverter(s) available for java.net.URI to : java.lang.String
15:41:03,840 (main) DEBUG [DataNucleus.Persistence] - TypeConverter(s) available for java.net.URL to : java.lang.String
15:41:03,840 (main) DEBUG [DataNucleus.Persistence] - TypeConverter(s) available for java.sql.Date to : java.util.Date,java.lang.String,java.lang.Long
15:41:03,840 (main) DEBUG [DataNucleus.Persistence] - TypeConverter(s) available for java.sql.Time to : java.util.Date,java.lang.String,java.lang.Long
15:41:03,840 (main) DEBUG [DataNucleus.Persistence] - TypeConverter(s) available for java.sql.Timestamp to : java.util.Date,java.lang.String,java.lang.Long
15:41:03,840 (main) DEBUG [DataNucleus.Persistence] - TypeConverter(s) available for java.time.Duration to : java.lang.String,java.lang.Long,java.lang.Double
15:41:03,840 (main) DEBUG [DataNucleus.Persistence] - TypeConverter(s) available for java.time.Instant to : java.util.Date,java.sql.Timestamp,java.lang.String,java.lang.Long
15:41:03,840 (main) DEBUG [DataNucleus.Persistence] - TypeConverter(s) available for java.time.LocalDate to : java.sql.Date,java.util.Date,java.lang.String
15:41:03,840 (main) DEBUG [DataNucleus.Persistence] - TypeConverter(s) available for java.time.LocalDateTime to : java.util.Date,java.lang.String,java.sql.Timestamp
15:41:03,840 (main) DEBUG [DataNucleus.Persistence] - TypeConverter(s) available for java.time.LocalTime to : java.util.Date,java.lang.String,java.lang.Long,java.sql.Time
15:41:03,840 (main) DEBUG [DataNucleus.Persistence] - TypeConverter(s) available for java.time.MonthDay to : java.sql.Date,java.util.Date,java.lang.String,int[]
15:41:03,840 (main) DEBUG [DataNucleus.Persistence] - TypeConverter(s) available for java.time.OffsetDateTime to : java.util.Date,java.lang.String,java.sql.Timestamp
15:41:03,840 (main) DEBUG [DataNucleus.Persistence] - TypeConverter(s) available for java.time.OffsetTime to : java.lang.String,java.lang.Long,java.sql.Time
15:41:03,840 (main) DEBUG [DataNucleus.Persistence] - TypeConverter(s) available for java.time.Period to : java.lang.String,int[]
15:41:03,841 (main) DEBUG [DataNucleus.Persistence] - TypeConverter(s) available for java.time.Year to : java.lang.String,java.lang.Integer
15:41:03,841 (main) DEBUG [DataNucleus.Persistence] - TypeConverter(s) available for java.time.YearMonth to : java.sql.Date,java.util.Date,java.lang.String,int[]
15:41:03,841 (main) DEBUG [DataNucleus.Persistence] - TypeConverter(s) available for java.time.ZonedDateTime to : java.lang.String,java.sql.Timestamp
15:41:03,841 (main) DEBUG [DataNucleus.Persistence] - TypeConverter(s) available for java.time.ZoneId to : java.lang.String
15:41:03,841 (main) DEBUG [DataNucleus.Persistence] - TypeConverter(s) available for java.time.ZoneOffset to : java.lang.String
15:41:03,841 (main) DEBUG [DataNucleus.Persistence] - TypeConverter(s) available for java.util.BitSet to : java.lang.String
15:41:03,841 (main) DEBUG [DataNucleus.Persistence] - TypeConverter(s) available for java.util.Calendar to : [Ljava.lang.Object;,java.util.Date,java.lang.String,java.sql.Timestamp
15:41:03,841 (main) DEBUG [DataNucleus.Persistence] - TypeConverter(s) available for java.util.Currency to : java.lang.String
15:41:03,841 (main) DEBUG [DataNucleus.Persistence] - TypeConverter(s) available for java.util.Date to : java.lang.String,java.lang.Long
15:41:03,841 (main) DEBUG [DataNucleus.Persistence] - TypeConverter(s) available for java.util.Locale to : java.lang.String
15:41:03,841 (main) DEBUG [DataNucleus.Persistence] - TypeConverter(s) available for java.util.TimeZone to : java.lang.String
15:41:03,842 (main) DEBUG [DataNucleus.Persistence] - TypeConverter(s) available for java.util.UUID to : java.lang.String
15:41:03,842 (main) DEBUG [DataNucleus.MetaData] - MetaDataManager : Input=(XML,Annotations), XML-Validation=false, XML-Suffices=(persistence=*.jdo, orm=orm, query=*.jdoquery) mapping-name=oracle, JDO-listener=false
15:41:03,843 (main) DEBUG [DataNucleus.MetaData] - MetaData Management : Carga de Metadata del persistence-unit "HotelAndes" ...
15:41:03,843 (main) DEBUG [DataNucleus.MetaData] - MetaData Management : Carga de Metadata ya ha terminado
15:41:03,856 (main) DEBUG [DataNucleus.Datastore] - Creating StoreManager for datastore
15:41:04,589 (main) DEBUG [DataNucleus.Connection] - Creado ConnectionPool "tx" con data source de tipo dbcp2-builtin
15:41:04,589 (main) DEBUG [DataNucleus.Connection] - Registrado la factoria de connecciones transaccionales bajo el nombre "rdbms/tx"
15:41:04,589 (main) DEBUG [DataNucleus.Connection] - Registrado la factoria de connecciones nontransaccionales bajo el nombre "rdbms/nontx"
15:41:04,613 (main) DEBUG [DataNucleus.Connection] - Creado ConnectionPool "nontx" con data source de tipo dbcp2-builtin
15:41:05,736 (main) DEBUG [DataNucleus.Connection] - ManagedConnection ABIERTO : "org.datanucleus.store.rdbms.ConnectionFactoryImpl$ManagedConnectionImpl@708400f6 [conn=null, commitOnRelease=true, closeOnRelease=true, closeOnTxnEnd=true]" en resource "nontx"
15:41:06,354 (main) DEBUG [DataNucleus.Datastore] - No Soportando el tipo RDBMS de Java java.lang.Boolean, jdbc-type=BOOLEAN
15:41:06,355 (main) DEBUG [DataNucleus.Datastore] - Soporte de RDBMS configurado para el tipo "[B" con jdbc-types=[BLOB, VARBINARY, LONGVARBINARY], sql-types=[BLOB, VARBINARY, LONGVARBINARY] y defecto (jdbc-type=BLOB, sql-type=BLOB)
15:41:06,355 (main) DEBUG [DataNucleus.Datastore] - Soporte de RDBMS configurado para el tipo "java.io.File" con jdbc-types=[LONGVARBINARY], sql-types=[LONGVARBINARY] y defecto (jdbc-type=LONGVARBINARY, sql-type=LONGVARBINARY)
15:41:06,355 (main) DEBUG [DataNucleus.Datastore] - Soporte de RDBMS configurado para el tipo "java.io.Serializable" con jdbc-types=[BLOB, VARBINARY, LONGVARBINARY], sql-types=[BLOB, VARBINARY, LONGVARBINARY] y defecto (jdbc-type=BLOB, sql-type=BLOB)
15:41:06,355 (main) DEBUG [DataNucleus.Datastore] - Soporte de RDBMS configurado para el tipo "java.lang.Boolean" con jdbc-types=[NUMERIC, SMALLINT, CHAR, BIT, TINYINT], sql-types=[NUMERIC, SMALLINT, CHAR, BIT, TINYINT] y defecto (jdbc-type=NUMERIC, sql-type=NUMERIC)
15:41:06,355 (main) DEBUG [DataNucleus.Datastore] - Soporte de RDBMS configurado para el tipo "java.lang.Byte" con jdbc-types=[NUMERIC, SMALLINT, TINYINT], sql-types=[NUMERIC, SMALLINT, TINYINT] y defecto (jdbc-type=NUMERIC, sql-type=NUMERIC)
15:41:06,355 (main) DEBUG [DataNucleus.Datastore] - Soporte de RDBMS configurado para el tipo "java.lang.Character" con jdbc-types=[NUMERIC, CHAR, INTEGER], sql-types=[NUMERIC, CHAR, INTEGER] y defecto (jdbc-type=CHAR, sql-type=CHAR)
15:41:06,355 (main) DEBUG [DataNucleus.Datastore] - Soporte de RDBMS configurado para el tipo "java.lang.Double" con jdbc-types=[FLOAT, NUMERIC, DECIMAL, DOUBLE], sql-types=[FLOAT, NUMBER, DECIMAL, DOUBLE] y defecto (jdbc-type=FLOAT, sql-type=FLOAT)
15:41:06,355 (main) DEBUG [DataNucleus.Datastore] - Soporte de RDBMS configurado para el tipo "java.lang.Float" con jdbc-types=[FLOAT, NUMERIC, REAL, DECIMAL, DOUBLE], sql-types=[FLOAT, NUMBER, REAL, DECIMAL, DOUBLE] y defecto (jdbc-type=FLOAT, sql-type=FLOAT)
15:41:06,355 (main) DEBUG [DataNucleus.Datastore] - Soporte de RDBMS configurado para el tipo "java.lang.Integer" con jdbc-types=[NUMERIC, SMALLINT, BIGINT, TINYINT, INTEGER], sql-types=[NUMERIC, NUMBER, SMALLINT, BIGINT, TINYINT, INTEGER] y defecto (jdbc-type=NUMERIC, sql-type=NUMERIC)
15:41:06,355 (main) DEBUG [DataNucleus.Datastore] - Soporte de RDBMS configurado para el tipo "java.lang.Long" con jdbc-types=[NUMERIC, SMALLINT, BIGINT, TINYINT, INTEGER], sql-types=[NUMERIC, NUMBER, SMALLINT, BIGINT, INT, TINYINT] y defecto (jdbc-type=NUMERIC, sql-type=NUMERIC)
15:41:06,355 (main) DEBUG [DataNucleus.Datastore] - Soporte de RDBMS configurado para el tipo "java.lang.Short" con jdbc-types=[NUMERIC, SMALLINT, TINYINT, INTEGER], sql-types=[NUMERIC, NUMBER, SMALLINT, TINYINT, INTEGER] y defecto (jdbc-type=NUMERIC, sql-type=NUMERIC)
15:41:06,356 (main) DEBUG [DataNucleus.Datastore] - Soporte de RDBMS configurado para el tipo "java.lang.String" con jdbc-types=[XMLTYPE, BLOB, LONGVARCHAR, CLOB, VARCHAR, CHAR, BIGINT, NVARCHAR, NCHAR], sql-types=[NVARCHAR2, XMLTYPE, BLOB, LONGVARCHAR, CLOB, VARCHAR, CHAR, BIGINT, NVARCHAR, NCHAR] y defecto (jdbc-type=VARCHAR, sql-type=VARCHAR)
15:41:06,356 (main) DEBUG [DataNucleus.Datastore] - Soporte de RDBMS configurado para el tipo "java.math.BigDecimal" con jdbc-types=[NUMERIC, DECIMAL], sql-types=[NUMERIC, NUMBER, DECIMAL] y defecto (jdbc-type=NUMERIC, sql-type=NUMERIC)
15:41:06,356 (main) DEBUG [DataNucleus.Datastore] - Soporte de RDBMS configurado para el tipo "java.math.BigInteger" con jdbc-types=[NUMERIC], sql-types=[NUMERIC, NUMBER] y defecto (jdbc-type=NUMERIC, sql-type=NUMERIC)
15:41:06,356 (main) DEBUG [DataNucleus.Datastore] - Soporte de RDBMS configurado para el tipo "java.sql.Date" con jdbc-types=[DATE, TIMESTAMP, VARCHAR, CHAR, BIGINT], sql-types=[DATE, TIMESTAMP, VARCHAR, CHAR, BIGINT] y defecto (jdbc-type=DATE, sql-type=DATE)
15:41:06,356 (main) DEBUG [DataNucleus.Datastore] - Soporte de RDBMS configurado para el tipo "java.sql.Time" con jdbc-types=[TIMESTAMP, VARCHAR, CHAR, TIME, BIGINT], sql-types=[TIMESTAMP, VARCHAR, CHAR, TIME, BIGINT] y defecto (jdbc-type=TIME, sql-type=TIME)
15:41:06,356 (main) DEBUG [DataNucleus.Datastore] - Soporte de RDBMS configurado para el tipo "java.sql.Timestamp" con jdbc-types=[DATE, TIMESTAMP, VARCHAR, CHAR, TIME], sql-types=[DATE, TIMESTAMP, VARCHAR, CHAR, TIME] y defecto (jdbc-type=TIMESTAMP, sql-type=TIMESTAMP)
15:41:06,356 (main) DEBUG [DataNucleus.Datastore] - Soporte de RDBMS configurado para el tipo "java.util.Date" con jdbc-types=[DATE, TIMESTAMP, VARCHAR, CHAR, TIME, BIGINT], sql-types=[DATE, TIMESTAMP, VARCHAR, CHAR, TIME, BIGINT] y defecto (jdbc-type=TIMESTAMP, sql-type=TIMESTAMP)
15:41:06,356 (main) DEBUG [DataNucleus.Datastore] - Soporte de RDBMS configurado para el tipo "org.datanucleus.identity.DatastoreId" con jdbc-types=[NUMERIC, VARCHAR, CHAR, BIGINT, INTEGER], sql-types=[NUMERIC, VARCHAR, CHAR, BIGINT, INTEGER] y defecto (jdbc-type=NUMERIC, sql-type=NUMERIC)
15:41:06,386 (main) DEBUG [DataNucleus.Datastore] - ======================= Datastore =========================
15:41:06,386 (main) DEBUG [DataNucleus.Datastore] - StoreManager : "rdbms" (org.datanucleus.store.rdbms.RDBMSStoreManager)
15:41:06,386 (main) DEBUG [DataNucleus.Datastore] - Datastore : read-write
15:41:06,386 (main) DEBUG [DataNucleus.Datastore] - Schema Control : AutoCreate(None), Validate(None)
15:41:06,386 (main) DEBUG [DataNucleus.Datastore] - Schema : NamingFactory=datanucleus2 identifierCase=null
15:41:06,387 (main) DEBUG [DataNucleus.Datastore] - Query Languages : JDOQL, JPQL, STOREDPROC, SQL
15:41:06,387 (main) DEBUG [DataNucleus.Datastore] - Queries : Timeout=0
15:41:06,387 (main) DEBUG [DataNucleus.Datastore] - ===========================================================
15:41:06,387 (main) DEBUG [DataNucleus.Datastore] - Datastore Adapter : org.datanucleus.store.rdbms.adapter.OracleAdapter
15:41:06,387 (main) DEBUG [DataNucleus.Datastore] - Datastore : name="Oracle" version="Oracle Database 19c Enterprise Edition Release 19.0.0.0.0 - Production"
15:41:06,387 (main) DEBUG [DataNucleus.Datastore] - Datastore Driver : name="Oracle JDBC driver" version="12.2.0.1.0"
15:41:06,387 (main) DEBUG [DataNucleus.Datastore] - Primary Connection Factory : URL[jdbc:oracle:thin:@fn4.oracle.virtual.uniandes.edu.co:1521/prod]
15:41:06,387 (main) DEBUG [DataNucleus.Datastore] - Secondary Connection Factory : URL[jdbc:oracle:thin:@fn4.oracle.virtual.uniandes.edu.co:1521/prod]
15:41:06,387 (main) DEBUG [DataNucleus.Datastore] - Datastore Identifiers : factory="datanucleus2" case=UPPERCASE schema=ISIS2304A07202210
15:41:06,388 (main) DEBUG [DataNucleus.Datastore] - Supported Identifier Cases : "MixedCase" UPPERCASE "MixedCase-Sensitive" 
15:41:06,388 (main) DEBUG [DataNucleus.Datastore] - Supported Identifier Lengths (max) : Table=128 Column=128 Constraint=128 Index=128 Delimiter="
15:41:06,388 (main) DEBUG [DataNucleus.Datastore] - Support for Identifiers in DDL : catalog=false schema=true
15:41:06,389 (main) DEBUG [DataNucleus.Datastore] - Datastore : checkTableViewExistence, rdbmsConstraintCreateMode=DataNucleus, initialiseColumnInfo=ALL
15:41:06,389 (main) DEBUG [DataNucleus.Datastore] - Support Statement Batching : yes (max-batch-size=50)
15:41:06,389 (main) DEBUG [DataNucleus.Datastore] - Queries : Results direction=forward, type=forward-only, concurrency=read-only
15:41:06,389 (main) DEBUG [DataNucleus.Datastore] - Java-Types : string-default-length=255
15:41:06,389 (main) DEBUG [DataNucleus.Datastore] - JDBC-Types : NCLOB, NCHAR, [id=2007], REF, CLOB, BLOB, ARRAY, STRUCT, DATE, TIME, TIMESTAMP, VARCHAR, LONGVARCHAR, VARBINARY, LONGVARBINARY, BIGINT, TINYINT, BIT, NVARCHAR, [id=-101], CHAR, [id=-103], NUMERIC, [id=-102], DECIMAL, INTEGER, SMALLINT, FLOAT, REAL, DOUBLE, [id=-104]
15:41:06,389 (main) DEBUG [DataNucleus.Datastore] - ===========================================================
15:41:06,389 (main) DEBUG [DataNucleus.Connection] - ManagedConnection CERRADO : "org.datanucleus.store.rdbms.ConnectionFactoryImpl$ManagedConnectionImpl@708400f6 [conn=org.datanucleus.store.rdbms.datasource.dbcp2.PoolingDataSource$PoolGuardConnectionWrapper@1cf2fed4, commitOnRelease=true, closeOnRelease=true, closeOnTxnEnd=true]" 
15:41:06,390 (main) DEBUG [DataNucleus.Datastore] - StoreManager now created
15:41:06,394 (main) DEBUG [DataNucleus.Persistence] - Started pool of ExecutionContext (maxPool=20, reaperThread=false)
15:41:06,398 (main) DEBUG [DataNucleus.Persistence] - ================= NucleusContext ===============
15:41:06,399 (main) DEBUG [DataNucleus.Persistence] - DataNucleus Context : Versión: "5.1.10" con JRE "15.0.2" en "Windows 10"
15:41:06,399 (main) DEBUG [DataNucleus.Persistence] - Persistence API : JDO
15:41:06,399 (main) DEBUG [DataNucleus.Persistence] - Persistence-Unit : HotelAndes
15:41:06,399 (main) DEBUG [DataNucleus.Persistence] - Plugin Registry : org.datanucleus.plugin.NonManagedPluginRegistry
15:41:06,399 (main) DEBUG [DataNucleus.Persistence] - ClassLoading : default
15:41:06,399 (main) DEBUG [DataNucleus.Persistence] - Persistence : pm-singlethreaded, nontransactional-read, nontransactional-write, reachability-at-commit, copy-on-attach, managed-relations(checked), deletion-policy=JDO2, serverTimeZone=America/Bogota
15:41:06,399 (main) DEBUG [DataNucleus.Persistence] - Transactions : type=RESOURCE_LOCAL, mode=datastore, isolation=read-committed
15:41:06,399 (main) DEBUG [DataNucleus.Persistence] - ValueGeneration : txn-isolation=read-committed connection=New
15:41:06,399 (main) DEBUG [DataNucleus.Persistence] - Cache : Level1 (soft), Level2 (soft, mode=UNSPECIFIED), QueryResults (soft), Collections/Maps 
15:41:06,399 (main) DEBUG [DataNucleus.Persistence] - ================================================
15:41:09,104 (AWT-EventQueue-0) DEBUG [DataNucleus.Persistence] - ExecutionContext "org.datanucleus.ExecutionContextImpl@701367c0" se abrió para la base de datos "org.datanucleus.store.rdbms.RDBMSStoreManager@35d1d794" con transaccion="org.datanucleus.TransactionImpl@29b62b20"
15:41:09,123 (AWT-EventQueue-0) DEBUG [DataNucleus.Query] - Query de SQL : "SELECT userr.nombre,userr.apellido,userr.correo,re.fechaentrada,re.fechasalida FROM a_reserva re, a_habitacion_reservada hab, A_CUENTA_CARGADA cuu,  a_servicio ser,a_usuario userr where re.idreserva=hab.idreserva and hab.idcuenta=cuu.idcuenta and cuu.idservicio=ser.idservicio and ser.costo >300000 and ser.nombre LIKE'spa%' and userr.id=re.idcliente"
15:41:09,138 (AWT-EventQueue-0) DEBUG [DataNucleus.Connection] - ManagedConnection ABIERTO : "org.datanucleus.store.rdbms.ConnectionFactoryImpl$ManagedConnectionImpl@7a118125 [conn=org.datanucleus.store.rdbms.datasource.dbcp2.PoolingDataSource$PoolGuardConnectionWrapper@10e5f09c, commitOnRelease=true, closeOnRelease=true, closeOnTxnEnd=true]" en resource "nontx" con isolación "read-committed" y auto-commit=false
15:41:09,140 (AWT-EventQueue-0) DEBUG [DataNucleus.Datastore] - Utilizando PreparedStatement "oracle.jdbc.driver.OraclePreparedStatementWrapper@3dd45a5d" para la conneccion "org.datanucleus.store.rdbms.datasource.dbcp2.PoolingDataSource$PoolGuardConnectionWrapper@10e5f09c"
15:41:09,144 (AWT-EventQueue-0) DEBUG [DataNucleus.Datastore.Native] - SELECT userr.nombre,userr.apellido,userr.correo,re.fechaentrada,re.fechasalida FROM a_reserva re, a_habitacion_reservada hab, A_CUENTA_CARGADA cuu,  a_servicio ser,a_usuario userr where re.idreserva=hab.idreserva and hab.idcuenta=cuu.idcuenta and cuu.idservicio=ser.idservicio and ser.costo >300000 and ser.nombre LIKE'spa%' and userr.id=re.idcliente
15:41:09,175 (AWT-EventQueue-0) DEBUG [DataNucleus.Datastore.Retrieve] - SQL Tiempo de cumplir = 31 ms
15:41:09,184 (AWT-EventQueue-0) DEBUG [DataNucleus.Connection] - ManagedConnection VA A COMMIT : "org.datanucleus.store.rdbms.ConnectionFactoryImpl$ManagedConnectionImpl@7a118125 [conn=org.datanucleus.store.rdbms.datasource.dbcp2.PoolingDataSource$PoolGuardConnectionWrapper@10e5f09c, commitOnRelease=true, closeOnRelease=true, closeOnTxnEnd=true]"
15:41:09,207 (AWT-EventQueue-0) DEBUG [DataNucleus.Connection] - ManagedConnection CERRADO : "org.datanucleus.store.rdbms.ConnectionFactoryImpl$ManagedConnectionImpl@7a118125 [conn=org.datanucleus.store.rdbms.datasource.dbcp2.PoolingDataSource$PoolGuardConnectionWrapper@10e5f09c, commitOnRelease=true, closeOnRelease=true, closeOnTxnEnd=true]" 
15:42:12,255 (main) DEBUG [DataNucleus.General] - Using PluginRegistry org.datanucleus.plugin.NonManagedPluginRegistry
15:42:12,310 (main) DEBUG [DataNucleus.General] - Registering bundle org.datanucleus.api.jdo version 5.1.7 at URL file:/E:/Semestre%205/Sistemas%20Transaccionales/Nueva%20carpeta/A-07/HotelAndes/lib/datanucleus-api-jdo-5.1.7.jar.
15:42:12,360 (main) DEBUG [DataNucleus.General] - Leyendo extension-points y extensiones del archivo de plug-in jar:file:/E:/Semestre%205/Sistemas%20Transaccionales/Nueva%20carpeta/A-07/HotelAndes/lib/datanucleus-api-jdo-5.1.7.jar!/plugin.xml.
15:42:12,394 (main) DEBUG [DataNucleus.General] - Registering bundle org.datanucleus version 5.1.10 at URL file:/E:/Semestre%205/Sistemas%20Transaccionales/Nueva%20carpeta/A-07/HotelAndes/lib/datanucleus-core-5.1.10.jar.
15:42:12,414 (main) DEBUG [DataNucleus.General] - Leyendo extension-points y extensiones del archivo de plug-in jar:file:/E:/Semestre%205/Sistemas%20Transaccionales/Nueva%20carpeta/A-07/HotelAndes/lib/datanucleus-core-5.1.10.jar!/plugin.xml.
15:42:12,467 (main) DEBUG [DataNucleus.General] - Registering bundle org.datanucleus.store.rdbms version 5.1.10 at URL file:/E:/Semestre%205/Sistemas%20Transaccionales/Nueva%20carpeta/A-07/HotelAndes/lib/datanucleus-rdbms-5.1.10.jar.
15:42:12,491 (main) DEBUG [DataNucleus.General] - Leyendo extension-points y extensiones del archivo de plug-in jar:file:/E:/Semestre%205/Sistemas%20Transaccionales/Nueva%20carpeta/A-07/HotelAndes/lib/datanucleus-rdbms-5.1.10.jar!/plugin.xml.
15:42:12,538 (main) DEBUG [DataNucleus.MetaData] - Analizando el MetaData "file:/E:/Semestre%205/Sistemas%20Transaccionales/Nueva%20carpeta/A-07/HotelAndes/target/classes/META-INF/persistence.xml" con handler "persistence" (validar="false")
15:42:12,572 (main) DEBUG [DataNucleus.Persistence] - Tipos de Java inicializando ...
15:42:12,645 (main) DEBUG [DataNucleus.Persistence] - Soporte para tipos de Java listo : tipos soportados = [B, [C, [D, [F, [I, [J, [Ljava.lang.Boolean;, [Ljava.lang.Byte;, [Ljava.lang.Character;, [Ljava.lang.Double;, [Ljava.lang.Enum;, [Ljava.lang.Float;, [Ljava.lang.Integer;, [Ljava.lang.Long;, [Ljava.lang.Number;, [Ljava.lang.Object;, [Ljava.lang.Short;, [Ljava.lang.String;, [Ljava.math.BigDecimal;, [Ljava.math.BigInteger;, [Ljava.util.Date;, [Ljava.util.Locale;, [S, [Z, boolean, byte, char, double, float, int, java.awt.Color, java.awt.image.BufferedImage, java.lang.Boolean, java.lang.Byte, java.lang.Character, java.lang.Class, java.lang.Double, java.lang.Enum, java.lang.Float, java.lang.Integer, java.lang.Long, java.lang.Number, java.lang.Short, java.lang.String, java.lang.StringBuffer, java.lang.StringBuilder, java.math.BigDecimal, java.math.BigInteger, java.net.URI, java.net.URL, java.sql.Date, java.sql.Time, java.sql.Timestamp, java.time.Duration, java.time.Instant, java.time.LocalDate, java.time.LocalDateTime, java.time.LocalTime, java.time.MonthDay, java.time.OffsetDateTime, java.time.OffsetTime, java.time.Period, java.time.Year, java.time.YearMonth, java.time.ZonedDateTime, java.time.ZoneId, java.time.ZoneOffset, java.util.ArrayList, java.util.Arrays$ArrayList, java.util.BitSet, java.util.Calendar, java.util.Collection, java.util.Currency, java.util.Date, java.util.GregorianCalendar, java.util.HashMap, java.util.HashSet, java.util.Hashtable, java.util.LinkedHashMap, java.util.LinkedHashSet, java.util.LinkedList, java.util.List, java.util.Locale, java.util.Map, java.util.Optional, java.util.PriorityQueue, java.util.Properties, java.util.Queue, java.util.Set, java.util.SortedMap, java.util.SortedSet, java.util.Stack, java.util.TimeZone, java.util.TreeMap, java.util.TreeSet, java.util.UUID, java.util.Vector, long, short
15:42:12,645 (main) DEBUG [DataNucleus.Persistence] - Inicializando TypeConverters ...
15:42:12,720 (main) DEBUG [DataNucleus.Persistence] - TypeConverters listo
15:42:12,721 (main) DEBUG [DataNucleus.Persistence] - TypeConverter(s) available for byte[] to : java.nio.ByteBuffer
15:42:12,721 (main) DEBUG [DataNucleus.Persistence] - TypeConverter(s) available for char[] to : java.nio.ByteBuffer
15:42:12,721 (main) DEBUG [DataNucleus.Persistence] - TypeConverter(s) available for double[] to : java.nio.ByteBuffer
15:42:12,722 (main) DEBUG [DataNucleus.Persistence] - TypeConverter(s) available for float[] to : java.nio.ByteBuffer
15:42:12,722 (main) DEBUG [DataNucleus.Persistence] - TypeConverter(s) available for int[] to : java.nio.ByteBuffer
15:42:12,722 (main) DEBUG [DataNucleus.Persistence] - TypeConverter(s) available for long[] to : java.nio.ByteBuffer
15:42:12,722 (main) DEBUG [DataNucleus.Persistence] - TypeConverter(s) available for [Ljava.math.BigDecimal; to : java.nio.ByteBuffer
15:42:12,722 (main) DEBUG [DataNucleus.Persistence] - TypeConverter(s) available for [Ljava.math.BigInteger; to : java.nio.ByteBuffer
15:42:12,722 (main) DEBUG [DataNucleus.Persistence] - TypeConverter(s) available for short[] to : java.nio.ByteBuffer
15:42:12,722 (main) DEBUG [DataNucleus.Persistence] - TypeConverter(s) available for boolean[] to : java.nio.ByteBuffer
15:42:12,722 (main) DEBUG [DataNucleus.Persistence] - TypeConverter(s) available for java.awt.Color to : java.lang.String,int[]
15:42:12,722 (main) DEBUG [DataNucleus.Persistence] - TypeConverter(s) available for java.awt.image.BufferedImage to : byte[],java.nio.ByteBuffer
15:42:12,722 (main) DEBUG [DataNucleus.Persistence] - TypeConverter(s) available for java.io.Serializable to : java.lang.String,byte[],java.nio.ByteBuffer
15:42:12,723 (main) DEBUG [DataNucleus.Persistence] - TypeConverter(s) available for java.lang.Boolean to : java.lang.Integer,java.lang.Character
15:42:12,723 (main) DEBUG [DataNucleus.Persistence] - TypeConverter(s) available for java.lang.Character to : java.lang.String
15:42:12,724 (main) DEBUG [DataNucleus.Persistence] - TypeConverter(s) available for java.lang.Class to : java.lang.String
15:42:12,724 (main) DEBUG [DataNucleus.Persistence] - TypeConverter(s) available for java.lang.Integer to : java.lang.String
15:42:12,724 (main) DEBUG [DataNucleus.Persistence] - TypeConverter(s) available for java.lang.Long to : java.lang.String
15:42:12,724 (main) DEBUG [DataNucleus.Persistence] - TypeConverter(s) available for java.lang.StringBuffer to : java.lang.String
15:42:12,725 (main) DEBUG [DataNucleus.Persistence] - TypeConverter(s) available for java.lang.StringBuilder to : java.lang.String
15:42:12,725 (main) DEBUG [DataNucleus.Persistence] - TypeConverter(s) available for java.math.BigDecimal to : java.lang.String,java.lang.Double
15:42:12,725 (main) DEBUG [DataNucleus.Persistence] - TypeConverter(s) available for java.math.BigInteger to : java.lang.String,java.lang.Long
15:42:12,725 (main) DEBUG [DataNucleus.Persistence] - TypeConverter(s) available for java.net.URI to : java.lang.String
15:42:12,726 (main) DEBUG [DataNucleus.Persistence] - TypeConverter(s) available for java.net.URL to : java.lang.String
15:42:12,726 (main) DEBUG [DataNucleus.Persistence] - TypeConverter(s) available for java.sql.Date to : java.util.Date,java.lang.String,java.lang.Long
15:42:12,726 (main) DEBUG [DataNucleus.Persistence] - TypeConverter(s) available for java.sql.Time to : java.util.Date,java.lang.String,java.lang.Long
15:42:12,726 (main) DEBUG [DataNucleus.Persistence] - TypeConverter(s) available for java.sql.Timestamp to : java.util.Date,java.lang.String,java.lang.Long
15:42:12,726 (main) DEBUG [DataNucleus.Persistence] - TypeConverter(s) available for java.time.Duration to : java.lang.String,java.lang.Long,java.lang.Double
15:42:12,726 (main) DEBUG [DataNucleus.Persistence] - TypeConverter(s) available for java.time.Instant to : java.util.Date,java.sql.Timestamp,java.lang.String,java.lang.Long
15:42:12,726 (main) DEBUG [DataNucleus.Persistence] - TypeConverter(s) available for java.time.LocalDate to : java.sql.Date,java.util.Date,java.lang.String
15:42:12,726 (main) DEBUG [DataNucleus.Persistence] - TypeConverter(s) available for java.time.LocalDateTime to : java.util.Date,java.lang.String,java.sql.Timestamp
15:42:12,726 (main) DEBUG [DataNucleus.Persistence] - TypeConverter(s) available for java.time.LocalTime to : java.util.Date,java.lang.String,java.lang.Long,java.sql.Time
15:42:12,727 (main) DEBUG [DataNucleus.Persistence] - TypeConverter(s) available for java.time.MonthDay to : java.sql.Date,java.util.Date,java.lang.String,int[]
15:42:12,727 (main) DEBUG [DataNucleus.Persistence] - TypeConverter(s) available for java.time.OffsetDateTime to : java.util.Date,java.lang.String,java.sql.Timestamp
15:42:12,727 (main) DEBUG [DataNucleus.Persistence] - TypeConverter(s) available for java.time.OffsetTime to : java.lang.String,java.lang.Long,java.sql.Time
15:42:12,727 (main) DEBUG [DataNucleus.Persistence] - TypeConverter(s) available for java.time.Period to : java.lang.String,int[]
15:42:12,728 (main) DEBUG [DataNucleus.Persistence] - TypeConverter(s) available for java.time.Year to : java.lang.String,java.lang.Integer
15:42:12,728 (main) DEBUG [DataNucleus.Persistence] - TypeConverter(s) available for java.time.YearMonth to : java.sql.Date,java.util.Date,java.lang.String,int[]
15:42:12,728 (main) DEBUG [DataNucleus.Persistence] - TypeConverter(s) available for java.time.ZonedDateTime to : java.lang.String,java.sql.Timestamp
15:42:12,728 (main) DEBUG [DataNucleus.Persistence] - TypeConverter(s) available for java.time.ZoneId to : java.lang.String
15:42:12,729 (main) DEBUG [DataNucleus.Persistence] - TypeConverter(s) available for java.time.ZoneOffset to : java.lang.String
15:42:12,729 (main) DEBUG [DataNucleus.Persistence] - TypeConverter(s) available for java.util.BitSet to : java.lang.String
15:42:12,729 (main) DEBUG [DataNucleus.Persistence] - TypeConverter(s) available for java.util.Calendar to : [Ljava.lang.Object;,java.util.Date,java.lang.String,java.sql.Timestamp
15:42:12,729 (main) DEBUG [DataNucleus.Persistence] - TypeConverter(s) available for java.util.Currency to : java.lang.String
15:42:12,730 (main) DEBUG [DataNucleus.Persistence] - TypeConverter(s) available for java.util.Date to : java.lang.String,java.lang.Long
15:42:12,730 (main) DEBUG [DataNucleus.Persistence] - TypeConverter(s) available for java.util.Locale to : java.lang.String
15:42:12,731 (main) DEBUG [DataNucleus.Persistence] - TypeConverter(s) available for java.util.TimeZone to : java.lang.String
15:42:12,731 (main) DEBUG [DataNucleus.Persistence] - TypeConverter(s) available for java.util.UUID to : java.lang.String
15:42:12,733 (main) DEBUG [DataNucleus.MetaData] - MetaDataManager : Input=(XML,Annotations), XML-Validation=false, XML-Suffices=(persistence=*.jdo, orm=orm, query=*.jdoquery) mapping-name=oracle, JDO-listener=false
15:42:12,734 (main) DEBUG [DataNucleus.MetaData] - MetaData Management : Carga de Metadata del persistence-unit "HotelAndes" ...
15:42:12,734 (main) DEBUG [DataNucleus.MetaData] - MetaData Management : Carga de Metadata ya ha terminado
15:42:12,737 (main) DEBUG [DataNucleus.Datastore] - Creating StoreManager for datastore
15:42:13,083 (main) DEBUG [DataNucleus.Connection] - Creado ConnectionPool "tx" con data source de tipo dbcp2-builtin
15:42:13,083 (main) DEBUG [DataNucleus.Connection] - Registrado la factoria de connecciones transaccionales bajo el nombre "rdbms/tx"
15:42:13,083 (main) DEBUG [DataNucleus.Connection] - Registrado la factoria de connecciones nontransaccionales bajo el nombre "rdbms/nontx"
15:42:13,099 (main) DEBUG [DataNucleus.Connection] - Creado ConnectionPool "nontx" con data source de tipo dbcp2-builtin
15:42:13,883 (main) DEBUG [DataNucleus.Connection] - ManagedConnection ABIERTO : "org.datanucleus.store.rdbms.ConnectionFactoryImpl$ManagedConnectionImpl@3cc41abc [conn=null, commitOnRelease=true, closeOnRelease=true, closeOnTxnEnd=true]" en resource "nontx"
15:42:14,515 (main) DEBUG [DataNucleus.Datastore] - No Soportando el tipo RDBMS de Java java.lang.Boolean, jdbc-type=BOOLEAN
15:42:14,516 (main) DEBUG [DataNucleus.Datastore] - Soporte de RDBMS configurado para el tipo "[B" con jdbc-types=[BLOB, VARBINARY, LONGVARBINARY], sql-types=[BLOB, VARBINARY, LONGVARBINARY] y defecto (jdbc-type=BLOB, sql-type=BLOB)
15:42:14,516 (main) DEBUG [DataNucleus.Datastore] - Soporte de RDBMS configurado para el tipo "java.io.File" con jdbc-types=[LONGVARBINARY], sql-types=[LONGVARBINARY] y defecto (jdbc-type=LONGVARBINARY, sql-type=LONGVARBINARY)
15:42:14,516 (main) DEBUG [DataNucleus.Datastore] - Soporte de RDBMS configurado para el tipo "java.io.Serializable" con jdbc-types=[BLOB, VARBINARY, LONGVARBINARY], sql-types=[BLOB, VARBINARY, LONGVARBINARY] y defecto (jdbc-type=BLOB, sql-type=BLOB)
15:42:14,516 (main) DEBUG [DataNucleus.Datastore] - Soporte de RDBMS configurado para el tipo "java.lang.Boolean" con jdbc-types=[NUMERIC, SMALLINT, CHAR, BIT, TINYINT], sql-types=[NUMERIC, SMALLINT, CHAR, BIT, TINYINT] y defecto (jdbc-type=NUMERIC, sql-type=NUMERIC)
15:42:14,516 (main) DEBUG [DataNucleus.Datastore] - Soporte de RDBMS configurado para el tipo "java.lang.Byte" con jdbc-types=[NUMERIC, SMALLINT, TINYINT], sql-types=[NUMERIC, SMALLINT, TINYINT] y defecto (jdbc-type=NUMERIC, sql-type=NUMERIC)
15:42:14,517 (main) DEBUG [DataNucleus.Datastore] - Soporte de RDBMS configurado para el tipo "java.lang.Character" con jdbc-types=[NUMERIC, CHAR, INTEGER], sql-types=[NUMERIC, CHAR, INTEGER] y defecto (jdbc-type=CHAR, sql-type=CHAR)
15:42:14,517 (main) DEBUG [DataNucleus.Datastore] - Soporte de RDBMS configurado para el tipo "java.lang.Double" con jdbc-types=[FLOAT, NUMERIC, DECIMAL, DOUBLE], sql-types=[FLOAT, NUMBER, DECIMAL, DOUBLE] y defecto (jdbc-type=FLOAT, sql-type=FLOAT)
15:42:14,517 (main) DEBUG [DataNucleus.Datastore] - Soporte de RDBMS configurado para el tipo "java.lang.Float" con jdbc-types=[FLOAT, NUMERIC, REAL, DECIMAL, DOUBLE], sql-types=[FLOAT, NUMBER, REAL, DECIMAL, DOUBLE] y defecto (jdbc-type=FLOAT, sql-type=FLOAT)
15:42:14,517 (main) DEBUG [DataNucleus.Datastore] - Soporte de RDBMS configurado para el tipo "java.lang.Integer" con jdbc-types=[NUMERIC, SMALLINT, BIGINT, TINYINT, INTEGER], sql-types=[NUMERIC, NUMBER, SMALLINT, BIGINT, TINYINT, INTEGER] y defecto (jdbc-type=NUMERIC, sql-type=NUMERIC)
15:42:14,517 (main) DEBUG [DataNucleus.Datastore] - Soporte de RDBMS configurado para el tipo "java.lang.Long" con jdbc-types=[NUMERIC, SMALLINT, BIGINT, TINYINT, INTEGER], sql-types=[NUMERIC, NUMBER, SMALLINT, BIGINT, INT, TINYINT] y defecto (jdbc-type=NUMERIC, sql-type=NUMERIC)
15:42:14,517 (main) DEBUG [DataNucleus.Datastore] - Soporte de RDBMS configurado para el tipo "java.lang.Short" con jdbc-types=[NUMERIC, SMALLINT, TINYINT, INTEGER], sql-types=[NUMERIC, NUMBER, SMALLINT, TINYINT, INTEGER] y defecto (jdbc-type=NUMERIC, sql-type=NUMERIC)
15:42:14,517 (main) DEBUG [DataNucleus.Datastore] - Soporte de RDBMS configurado para el tipo "java.lang.String" con jdbc-types=[XMLTYPE, BLOB, LONGVARCHAR, CLOB, VARCHAR, CHAR, BIGINT, NVARCHAR, NCHAR], sql-types=[NVARCHAR2, XMLTYPE, BLOB, LONGVARCHAR, CLOB, VARCHAR, CHAR, BIGINT, NVARCHAR, NCHAR] y defecto (jdbc-type=VARCHAR, sql-type=VARCHAR)
15:42:14,517 (main) DEBUG [DataNucleus.Datastore] - Soporte de RDBMS configurado para el tipo "java.math.BigDecimal" con jdbc-types=[NUMERIC, DECIMAL], sql-types=[NUMERIC, NUMBER, DECIMAL] y defecto (jdbc-type=NUMERIC, sql-type=NUMERIC)
15:42:14,517 (main) DEBUG [DataNucleus.Datastore] - Soporte de RDBMS configurado para el tipo "java.math.BigInteger" con jdbc-types=[NUMERIC], sql-types=[NUMERIC, NUMBER] y defecto (jdbc-type=NUMERIC, sql-type=NUMERIC)
15:42:14,518 (main) DEBUG [DataNucleus.Datastore] - Soporte de RDBMS configurado para el tipo "java.sql.Date" con jdbc-types=[DATE, TIMESTAMP, VARCHAR, CHAR, BIGINT], sql-types=[DATE, TIMESTAMP, VARCHAR, CHAR, BIGINT] y defecto (jdbc-type=DATE, sql-type=DATE)
15:42:14,518 (main) DEBUG [DataNucleus.Datastore] - Soporte de RDBMS configurado para el tipo "java.sql.Time" con jdbc-types=[TIMESTAMP, VARCHAR, CHAR, TIME, BIGINT], sql-types=[TIMESTAMP, VARCHAR, CHAR, TIME, BIGINT] y defecto (jdbc-type=TIME, sql-type=TIME)
15:42:14,518 (main) DEBUG [DataNucleus.Datastore] - Soporte de RDBMS configurado para el tipo "java.sql.Timestamp" con jdbc-types=[DATE, TIMESTAMP, VARCHAR, CHAR, TIME], sql-types=[DATE, TIMESTAMP, VARCHAR, CHAR, TIME] y defecto (jdbc-type=TIMESTAMP, sql-type=TIMESTAMP)
15:42:14,518 (main) DEBUG [DataNucleus.Datastore] - Soporte de RDBMS configurado para el tipo "java.util.Date" con jdbc-types=[DATE, TIMESTAMP, VARCHAR, CHAR, TIME, BIGINT], sql-types=[DATE, TIMESTAMP, VARCHAR, CHAR, TIME, BIGINT] y defecto (jdbc-type=TIMESTAMP, sql-type=TIMESTAMP)
15:42:14,518 (main) DEBUG [DataNucleus.Datastore] - Soporte de RDBMS configurado para el tipo "org.datanucleus.identity.DatastoreId" con jdbc-types=[NUMERIC, VARCHAR, CHAR, BIGINT, INTEGER], sql-types=[NUMERIC, VARCHAR, CHAR, BIGINT, INTEGER] y defecto (jdbc-type=NUMERIC, sql-type=NUMERIC)
15:42:14,553 (main) DEBUG [DataNucleus.Datastore] - ======================= Datastore =========================
15:42:14,554 (main) DEBUG [DataNucleus.Datastore] - StoreManager : "rdbms" (org.datanucleus.store.rdbms.RDBMSStoreManager)
15:42:14,554 (main) DEBUG [DataNucleus.Datastore] - Datastore : read-write
15:42:14,554 (main) DEBUG [DataNucleus.Datastore] - Schema Control : AutoCreate(None), Validate(None)
15:42:14,554 (main) DEBUG [DataNucleus.Datastore] - Schema : NamingFactory=datanucleus2 identifierCase=null
15:42:14,554 (main) DEBUG [DataNucleus.Datastore] - Query Languages : JDOQL, JPQL, STOREDPROC, SQL
15:42:14,554 (main) DEBUG [DataNucleus.Datastore] - Queries : Timeout=0
15:42:14,554 (main) DEBUG [DataNucleus.Datastore] - ===========================================================
15:42:14,554 (main) DEBUG [DataNucleus.Datastore] - Datastore Adapter : org.datanucleus.store.rdbms.adapter.OracleAdapter
15:42:14,555 (main) DEBUG [DataNucleus.Datastore] - Datastore : name="Oracle" version="Oracle Database 19c Enterprise Edition Release 19.0.0.0.0 - Production"
15:42:14,555 (main) DEBUG [DataNucleus.Datastore] - Datastore Driver : name="Oracle JDBC driver" version="12.2.0.1.0"
15:42:14,555 (main) DEBUG [DataNucleus.Datastore] - Primary Connection Factory : URL[jdbc:oracle:thin:@fn4.oracle.virtual.uniandes.edu.co:1521/prod]
15:42:14,555 (main) DEBUG [DataNucleus.Datastore] - Secondary Connection Factory : URL[jdbc:oracle:thin:@fn4.oracle.virtual.uniandes.edu.co:1521/prod]
15:42:14,555 (main) DEBUG [DataNucleus.Datastore] - Datastore Identifiers : factory="datanucleus2" case=UPPERCASE schema=ISIS2304A07202210
15:42:14,555 (main) DEBUG [DataNucleus.Datastore] - Supported Identifier Cases : "MixedCase" UPPERCASE "MixedCase-Sensitive" 
15:42:14,556 (main) DEBUG [DataNucleus.Datastore] - Supported Identifier Lengths (max) : Table=128 Column=128 Constraint=128 Index=128 Delimiter="
15:42:14,556 (main) DEBUG [DataNucleus.Datastore] - Support for Identifiers in DDL : catalog=false schema=true
15:42:14,556 (main) DEBUG [DataNucleus.Datastore] - Datastore : checkTableViewExistence, rdbmsConstraintCreateMode=DataNucleus, initialiseColumnInfo=ALL
15:42:14,557 (main) DEBUG [DataNucleus.Datastore] - Support Statement Batching : yes (max-batch-size=50)
15:42:14,557 (main) DEBUG [DataNucleus.Datastore] - Queries : Results direction=forward, type=forward-only, concurrency=read-only
15:42:14,557 (main) DEBUG [DataNucleus.Datastore] - Java-Types : string-default-length=255
15:42:14,557 (main) DEBUG [DataNucleus.Datastore] - JDBC-Types : NCLOB, NCHAR, [id=2007], REF, CLOB, BLOB, ARRAY, STRUCT, DATE, TIME, TIMESTAMP, VARCHAR, LONGVARCHAR, VARBINARY, LONGVARBINARY, BIGINT, TINYINT, BIT, NVARCHAR, [id=-101], CHAR, [id=-103], NUMERIC, [id=-102], DECIMAL, INTEGER, SMALLINT, FLOAT, REAL, DOUBLE, [id=-104]
15:42:14,558 (main) DEBUG [DataNucleus.Datastore] - ===========================================================
15:42:14,558 (main) DEBUG [DataNucleus.Connection] - ManagedConnection CERRADO : "org.datanucleus.store.rdbms.ConnectionFactoryImpl$ManagedConnectionImpl@3cc41abc [conn=org.datanucleus.store.rdbms.datasource.dbcp2.PoolingDataSource$PoolGuardConnectionWrapper@7e1a1da6, commitOnRelease=true, closeOnRelease=true, closeOnTxnEnd=true]" 
15:42:14,560 (main) DEBUG [DataNucleus.Datastore] - StoreManager now created
15:42:14,565 (main) DEBUG [DataNucleus.Persistence] - Started pool of ExecutionContext (maxPool=20, reaperThread=false)
15:42:14,572 (main) DEBUG [DataNucleus.Persistence] - ================= NucleusContext ===============
15:42:14,573 (main) DEBUG [DataNucleus.Persistence] - DataNucleus Context : Versión: "5.1.10" con JRE "15.0.2" en "Windows 10"
15:42:14,573 (main) DEBUG [DataNucleus.Persistence] - Persistence API : JDO
15:42:14,573 (main) DEBUG [DataNucleus.Persistence] - Persistence-Unit : HotelAndes
15:42:14,573 (main) DEBUG [DataNucleus.Persistence] - Plugin Registry : org.datanucleus.plugin.NonManagedPluginRegistry
15:42:14,573 (main) DEBUG [DataNucleus.Persistence] - ClassLoading : default
15:42:14,573 (main) DEBUG [DataNucleus.Persistence] - Persistence : pm-singlethreaded, nontransactional-read, nontransactional-write, reachability-at-commit, copy-on-attach, managed-relations(checked), deletion-policy=JDO2, serverTimeZone=America/Bogota
15:42:14,573 (main) DEBUG [DataNucleus.Persistence] - Transactions : type=RESOURCE_LOCAL, mode=datastore, isolation=read-committed
15:42:14,574 (main) DEBUG [DataNucleus.Persistence] - ValueGeneration : txn-isolation=read-committed connection=New
15:42:14,574 (main) DEBUG [DataNucleus.Persistence] - Cache : Level1 (soft), Level2 (soft, mode=UNSPECIFIED), QueryResults (soft), Collections/Maps 
15:42:14,574 (main) DEBUG [DataNucleus.Persistence] - ================================================
15:42:24,503 (AWT-EventQueue-0) DEBUG [DataNucleus.Persistence] - ExecutionContext "org.datanucleus.ExecutionContextImpl@53e5ba78" se abrió para la base de datos "org.datanucleus.store.rdbms.RDBMSStoreManager@2a920f6a" con transaccion="org.datanucleus.TransactionImpl@5c7fb4c6"
15:42:24,509 (AWT-EventQueue-0) DEBUG [DataNucleus.Transaction] - Transaction created [DataNucleus Transaction, ID=-725310325-1, enlisted resources=[]]
15:42:24,509 (AWT-EventQueue-0) DEBUG [DataNucleus.Transaction] - Transacción empezada para el ExecutionContext org.datanucleus.ExecutionContextImpl@53e5ba78 (optimistic=false)
15:42:24,517 (AWT-EventQueue-0) DEBUG [DataNucleus.Query] - Query de SQL : "DELETE FROM A_CLIENTE"
15:42:24,813 (AWT-EventQueue-0) DEBUG [DataNucleus.Connection] - ManagedConnection ABIERTO : "org.datanucleus.store.rdbms.ConnectionFactoryImpl$ManagedConnectionImpl@7c1ab9c0 [conn=org.datanucleus.store.rdbms.datasource.dbcp2.PoolingDataSource$PoolGuardConnectionWrapper@7f4e5c5f, commitOnRelease=false, closeOnRelease=false, closeOnTxnEnd=true]" en resource "tx" con isolación "read-committed" y auto-commit=false
15:42:24,814 (AWT-EventQueue-0) DEBUG [DataNucleus.Transaction] - Running enlist operation on resource: org.datanucleus.store.rdbms.ConnectionFactoryImpl$EmulatedXAResource@5dd8ea1e, error code TMNOFLAGS and transaction [DataNucleus Transaction, ID=-725310325-1, enlisted resources=[]]
15:42:24,820 (AWT-EventQueue-0) DEBUG [DataNucleus.Datastore] - Utilizando PreparedStatement "org.datanucleus.store.rdbms.ParamLoggingPreparedStatement@7ab38c5d" para la conneccion "org.datanucleus.store.rdbms.datasource.dbcp2.PoolingDataSource$PoolGuardConnectionWrapper@7f4e5c5f"
15:42:24,820 (AWT-EventQueue-0) DEBUG [DataNucleus.Datastore.Native] - DELETE FROM A_CLIENTE
15:42:24,967 (AWT-EventQueue-0) DEBUG [DataNucleus.Datastore] - Cerrando PreparedStatement "org.datanucleus.store.rdbms.ParamLoggingPreparedStatement@7ab38c5d"
15:42:24,984 (AWT-EventQueue-0) DEBUG [DataNucleus.Transaction] - Haciendo rollback de la transacción para el ExecutionContext org.datanucleus.ExecutionContextImpl@53e5ba78
15:42:24,986 (AWT-EventQueue-0) DEBUG [DataNucleus.Transaction] - Rolling back [DataNucleus Transaction, ID=-725310325-1, enlisted resources=[org.datanucleus.store.rdbms.ConnectionFactoryImpl$EmulatedXAResource@5dd8ea1e]]
15:42:24,986 (AWT-EventQueue-0) DEBUG [DataNucleus.Connection] - ManagedConnection VA A ROLLBACK : "org.datanucleus.store.rdbms.ConnectionFactoryImpl$ManagedConnectionImpl@7c1ab9c0 [conn=org.datanucleus.store.rdbms.datasource.dbcp2.PoolingDataSource$PoolGuardConnectionWrapper@7f4e5c5f, commitOnRelease=false, closeOnRelease=false, closeOnTxnEnd=true]"
15:42:25,010 (AWT-EventQueue-0) DEBUG [DataNucleus.Connection] - ManagedConnection CERRADO : "org.datanucleus.store.rdbms.ConnectionFactoryImpl$ManagedConnectionImpl@7c1ab9c0 [conn=org.datanucleus.store.rdbms.datasource.dbcp2.PoolingDataSource$PoolGuardConnectionWrapper@7f4e5c5f, commitOnRelease=false, closeOnRelease=false, closeOnTxnEnd=true]" 
15:42:25,035 (AWT-EventQueue-0) DEBUG [DataNucleus.Transaction] - Transacción rolled back en 51 ms
15:42:25,036 (AWT-EventQueue-0) DEBUG [DataNucleus.Persistence] - ExecutionContext "org.datanucleus.ExecutionContextImpl@53e5ba78" se cerró
